146.30, 0, 2
143.57, 3, 2
142.28, 3, 2
139.41, 0, 2
138.28, 0, 2
138.28, 0, 2
138.26, 0, 2
138.23, 0, 2
138.23, 0, 2
138.23, 0, 2
138.23, 0, 2
138.23, 0, 2
121.93, 0, 2
110.82, 0, 2
105.29, 0, 2
97.79, 0, 2
96.09, 0, 2
91.31, 0, 2
66.99, 0, 2
66.99, 0, 2
66.99, 0, 2
66.99, 0, 2
66.99, 0, 2
66.99, 0, 2
66.99, 0, 2
40.24, 0, 2
40.24, 0, 2
40.24, 0, 2
38.66, 0, 5
38.26, 0, 5
38.10, 0, 5
37.95, 0, 5
35.41, 0, 5
35.36, 0, 5
35.35, 0, 5
35.35, 0, 5
35.35, 0, 5
35.35, 0, 5
35.35, 0, 5
35.35, 0, 5
35.35, 0, 5
35.21, 0, 5
35.21, 0, 5
35.21, 0, 5
35.21, 0, 5
35.21, 0, 5
35.21, 0, 5
35.25, 0, 5
35.25, 0, 5
35.25, 0, 5
35.25, 0, 5
35.25, 0, 5
40.96, 0, 264
48.56, 2, 264
66.93, 0, 264
71.15, 0, 264
77.66, 0, 264
80.29, 0, 264
117.83, 0, 264
117.76, 0, 264
117.76, 0, 264
117.76, 0, 264
117.76, 0, 264
117.76, 0, 264
117.76, 0, 264
117.76, 0, 264
117.09, 0, 264
117.09, 0, 264
117.09, 0, 264
117.09, 0, 264
117.09, 0, 264
117.14, 0, 3388
117.40, 0, 3878
117.55, 54, 3878
118.59, 54, 3878
123.19, 45, 3878
124.89, 44, 6296
132.26, 52, 2892
132.92, 52, 1016
144.15, 47, 272
145.66, 0, 272
146.93, 0, 272
146.62, 0, 272
146.43, 0, 272
145.62, 0, 272
137.69, 0, 272
137.09, 0, 272
136.23, 0, 1088
136.52, 0, 2708
137.17, 46, 2708
137.44, 47, 2708
138.32, 47, 5364
144.57, 54, 3016
146.43, 48, 610
147.08, 6, 610
147.64, 6, 624
147.86, 13, 3886
147.72, 50, 3886
147.82, 50, 3886
147.26, 56, 3886
141.30, 37, 5566
147.40, 37, 2886
148.72, 66, 2122
149.32, 36, 630
149.44, 36, 610
149.92, 15, 3886
149.84, 41, 3886
150.07, 56, 3886
149.40, 56, 3886
145.37, 55, 6400
148.92, 68, 3070
148.52, 7, 2706
149.10, 7, 610
149.78, 39, 626
149.81, 13, 3886
150.04, 52, 3886
150.08, 52, 3886
141.81, 55, 3886
141.96, 52, 6638
148.98, 52, 2886
149.38, 61, 630
149.73, 41, 610
150.15, 16, 274
149.97, 16, 274
149.86, 2, 274
149.38, 1, 274
148.62, 1, 274
141.51, 2, 274
139.36, 1, 274
138.48, 1, 274
137.17, 1, 274
137.09, 1, 274
137.06, 1, 274
137.13, 1, 276
135.47, 2, 276
133.83, 2, 276
130.49, 2, 276
128.84, 2, 276
127.23, 2, 276
123.78, 1, 276
121.98, 1, 276
118.57, 1, 276
118.45, 1, 276
118.40, 1, 276
118.19, 1, 276
118.22, 1, 276
118.14, 1, 276
118.16, 1, 274
118.16, 0, 274
118.12, 0, 742
118.32, 0, 3886
120.24, 46, 3886
122.27, 57, 3886
126.00, 51, 3886
128.88, 51, 5650
140.78, 62, 3270
143.85, 38, 3312
149.76, 25, 3460
152.43, 25, 3440
153.99, 25, 3512
156.65, 30, 3568
156.85, 16, 3444
150.45, 16, 5240
148.89, 4, 5248
148.47, 13, 5248
148.23, 21, 5244
146.83, 16, 5248
144.66, 16, 5240
139.97, 14, 5004
138.34, 34, 2636
133.94, 0, 2636
131.14, 0, 2636
125.50, 0, 2636
123.13, 0, 2636
119.19, 0, 2636
118.91, 0, 2636
118.97, 1, 2636
117.93, 0, 2612
118.63, 0, 276
118.77, 30, 274
118.97, 0, 274
119.00, 0, 271
119.50, 0, 2
119.64, 3, 2
119.73, 0, 2
119.91, 0, 2
119.32, 0, 2
119.49, 0, 2
119.44, 0, 2
119.41, 0, 2
119.41, 0, 2
119.41, 0, 2
119.41, 0, 2
119.69, 0, 2
119.67, 0, 2
119.78, 0, 2
113.70, 0, 2
102.89, 0, 2
98.62, 0, 2
94.93, 0, 2
91.67, 0, 2
91.67, 0, 2
91.67, 0, 2
91.67, 0, 2
91.67, 0, 2
91.67, 0, 2
91.67, 0, 2
41.60, 0, 2
40.29, 0, 5
39.97, 0, 5
39.40, 0, 5
38.95, 0, 5
38.76, 0, 5
35.63, 0, 5
35.61, 0, 5
35.41, 0, 5
35.41, 0, 5
35.41, 0, 5
35.41, 0, 5
35.41, 0, 5
35.41, 0, 5
35.11, 0, 5
35.11, 0, 5
35.11, 0, 5
35.11, 0, 5
35.11, 0, 5
35.11, 0, 5
35.11, 0, 5
35.03, 0, 5
39.57, 0, 264
50.96, 2, 264
55.39, 0, 264
62.67, 0, 264
65.68, 0, 264
70.80, 0, 264
107.59, 0, 264
117.90, 0, 264
117.90, 0, 264
117.90, 0, 264
117.90, 0, 264
117.90, 0, 264
117.90, 0, 264
117.90, 0, 264
117.20, 0, 264
117.20, 0, 264
117.20, 0, 264
117.20, 0, 264
117.19, 0, 614
117.41, 0, 3878
117.56, 34, 3878
118.45, 55, 3878
120.07, 55, 3878
123.12, 45, 5114
127.59, 29, 3558
130.66, 29, 2892
141.16, 52, 272
142.68, 31, 272
144.28, 31, 272
147.23, 0, 272
147.08, 0, 272
146.80, 0, 272
141.24, 0, 272
137.74, 0, 272
136.64, 0, 272
136.83, 0, 2708
136.94, 29, 2708
137.60, 54, 2708
137.88, 54, 2708
144.81, 53, 3630
145.63, 46, 1480
147.15, 35, 610
147.36, 35, 610
147.99, 8, 274
148.12, 15, 3886
148.29, 54, 3886
141.87, 53, 3886
141.38, 53, 3886
147.76, 50, 5392
148.44, 54, 2886
149.14, 54, 610
149.78, 47, 610
150.23, 13, 1666
150.23, 40, 3886
150.31, 40, 3886
150.32, 55, 3886
142.76, 55, 3886
143.06, 55, 6184
148.76, 44, 3118
148.75, 41, 3082
149.35, 37, 610
149.72, 37, 610
150.03, 11, 1492
150.17, 33, 3886
150.26, 33, 3886
142.64, 55, 3886
141.87, 50, 3886
141.98, 50, 6638
148.87, 53, 3086
149.81, 77, 630
149.93, 77, 610
150.35, 12, 274
150.29, 9, 274
149.87, 3, 274
149.65, 3, 274
141.79, 1, 274
140.64, 2, 274
139.07, 2, 274
137.78, 3, 276
137.30, 3, 276
137.32, 2, 276
137.31, 2, 276
135.78, 2, 276
132.37, 3, 276
130.68, 3, 276
128.96, 3, 274
125.40, 1, 274
121.83, 0, 538
120.30, 9, 3886
118.71, 56, 3886
120.51, 56, 3886
124.32, 56, 3886
126.97, 41, 6406
139.02, 67, 3222
142.05, 67, 3364
148.05, 26, 3392
150.92, 23, 3440
155.51, 30, 3588
156.83, 30, 3650
157.17, 28, 3748
150.76, 3, 5240
149.97, 3, 5244
148.77, 7, 5248
148.60, 22, 5248
148.29, 22, 5240
146.87, 14, 5240
146.38, 22, 5240
141.77, 22, 5000
139.99, 4, 2636
135.60, 30, 2636
132.79, 0, 2636
127.18, 0, 2636
124.86, 0, 2636
119.23, 0, 2636
118.96, 0, 2636
118.89, 0, 2636
117.92, 1, 2432
118.73, 11, 276
118.76, 19, 274
118.84, 19, 274
118.96, 0, 271
