119.65, 3, 2
119.86, 3, 2
119.97, 0, 2
120.07, 0, 2
119.46, 0, 2
119.69, 0, 2
119.68, 0, 2
119.68, 0, 2
119.68, 0, 2
119.68, 0, 2
119.68, 0, 2
119.68, 0, 2
119.82, 0, 2
119.81, 0, 2
107.57, 0, 2
100.65, 0, 2
95.89, 0, 2
88.32, 0, 2
85.26, 0, 2
56.43, 0, 2
56.43, 0, 2
56.43, 0, 2
56.43, 0, 2
56.43, 0, 2
56.43, 0, 2
56.43, 0, 2
38.62, 0, 2
38.62, 0, 2
38.62, 0, 2
38.62, 0, 2
38.62, 0, 2
38.62, 0, 2
36.81, 0, 5
35.34, 0, 5
35.33, 0, 5
35.32, 0, 5
35.31, 0, 5
35.30, 0, 5
35.29, 0, 5
35.28, 0, 5
35.28, 0, 5
35.28, 0, 5
35.28, 0, 5
35.28, 0, 5
35.28, 0, 5
35.12, 0, 5
35.12, 0, 5
35.12, 0, 5
35.12, 0, 5
35.12, 0, 5
35.12, 0, 5
35.12, 0, 5
35.08, 0, 5
35.08, 0, 5
35.08, 0, 5
38.65, 0, 20
43.61, 2, 264
51.42, 0, 264
54.72, 0, 264
81.52, 0, 264
84.35, 0, 264
86.72, 0, 264
118.27, 0, 264
117.96, 0, 264
117.96, 0, 264
117.96, 0, 264
117.96, 0, 264
117.96, 0, 264
117.96, 0, 264
117.96, 0, 264
117.40, 0, 264
117.40, 0, 264
117.40, 0, 264
117.40, 0, 264
117.40, 0, 264
117.58, 0, 3878
117.70, 29, 3878
117.85, 29, 3878
120.35, 55, 3878
121.91, 51, 3878
128.51, 49, 6634
131.50, 49, 2892
141.73, 51, 1220
142.79, 30, 272
144.33, 30, 272
147.19, 0, 272
147.01, 0, 272
146.88, 0, 272
141.14, 0, 272
137.84, 0, 272
137.63, 0, 272
136.57, 0, 568
137.08, 1, 2708
137.47, 58, 2708
137.75, 58, 2708
137.90, 53, 2708
139.06, 31, 5364
145.34, 31, 3000
147.24, 50, 630
147.37, 33, 658
148.36, 28, 658
148.98, 28, 654
150.40, 31, 652
150.82, 37, 2506
144.62, 37, 3886
143.94, 37, 3886
143.43, 53, 3886
142.81, 48, 4154
143.55, 48, 3474
150.18, 62, 1782
150.75, 52, 684
151.56, 34, 634
152.31, 34, 634
153.59, 35, 634
154.35, 28, 3886
154.43, 28, 3886
146.28, 43, 3886
145.45, 54, 3886
144.24, 54, 4496
150.29, 44, 2908
150.26, 63, 3134
150.33, 40, 650
150.36, 40, 634
150.65, 26, 658
152.38, 34, 634
153.25, 34, 684
153.98, 35, 3886
146.77, 40, 3886
146.04, 40, 3886
144.67, 55, 3886
143.98, 51, 3886
144.26, 51, 6210
149.85, 24, 2886
150.10, 73, 642
150.95, 51, 652
151.80, 27, 634
152.27, 27, 654
152.85, 33, 634
153.23, 50, 314
154.54, 50, 466
147.63, 28, 562
147.06, 27, 626
146.14, 23, 626
147.46, 23, 658
146.63, 27, 754
146.32, 27, 626
146.18, 25, 786
146.17, 25, 882
146.15, 25, 730
146.33, 30, 466
146.25, 24, 530
143.32, 24, 626
140.91, 24, 506
137.15, 28, 658
136.23, 26, 754
131.83, 24, 754
129.49, 24, 786
125.67, 17, 850
125.50, 28, 914
125.41, 28, 914
124.75, 28, 1050
124.71, 23, 1008
125.24, 27, 1042
125.49, 31, 1106
124.96, 21, 1170
124.43, 7, 1170
125.50, 7, 1234
125.32, 23, 1298
125.69, 31, 530
125.57, 37, 594
125.52, 22, 658
125.49, 27, 658
126.95, 27, 722
126.48, 28, 786
125.53, 28, 786
125.29, 28, 850
125.23, 28, 930
125.35, 24, 914
125.35, 26, 1010
125.38, 26, 906
125.46, 22, 1074
124.53, 13, 978
125.07, 28, 1106
124.96, 28, 1202
124.23, 28, 1050
125.63, 23, 1234
125.32, 24, 1338
124.82, 24, 1298
124.65, 23, 1362
124.66, 20, 658
125.00, 32, 594
125.79, 32, 658
125.62, 28, 762
125.89, 28, 722
125.96, 28, 786
126.29, 28, 850
126.84, 29, 946
125.84, 29, 802
125.79, 25, 978
124.56, 9, 274
124.33, 9, 274
122.91, 3, 274
122.21, 5, 3886
121.76, 5, 3886
122.18, 54, 3886
124.24, 55, 3886
124.96, 55, 4960
136.42, 35, 2886
139.61, 67, 3426
145.14, 43, 3344
151.04, 41, 3448
154.52, 41, 3480
157.66, 54, 3538
159.20, 55, 3512
159.31, 55, 3602
153.92, 37, 3560
154.55, 56, 3674
156.22, 57, 3624
155.86, 57, 3716
155.08, 39, 3640
155.14, 47, 3224
153.93, 17, 4412
152.86, 17, 5240
151.57, 3, 5240
149.88, 22, 5248
149.15, 22, 5248
148.29, 21, 5248
147.59, 14, 5240
145.79, 6, 5004
145.77, 6, 2636
144.76, 31, 2636
143.80, 0, 2636
141.46, 0, 2636
138.82, 0, 2636
136.07, 0, 2636
131.54, 0, 2636
129.92, 0, 2636
125.50, 1, 2636
124.04, 9, 276
120.99, 22, 274
119.45, 22, 274
119.50, 0, 271
119.81, 3, 2
119.96, 0, 2
120.17, 0, 2
120.39, 0, 2
119.85, 0, 2
120.01, 0, 2
120.08, 0, 2
120.07, 0, 2
120.07, 0, 2
120.07, 0, 2
120.07, 0, 2
120.07, 0, 2
120.07, 0, 2
83.88, 0, 5
76.90, 0, 2
62.78, 0, 2
59.59, 0, 2
58.34, 0, 2
56.21, 0, 2
55.33, 0, 2
41.91, 0, 2
41.91, 0, 2
41.91, 0, 2
41.91, 0, 2
41.91, 0, 2
41.91, 0, 2
36.37, 0, 2
36.37, 0, 2
36.18, 0, 5
36.52, 0, 5
37.06, 0, 5
37.51, 0, 5
39.37, 0, 5
39.70, 0, 5
39.70, 0, 5
39.70, 0, 5
39.70, 0, 5
39.70, 0, 5
39.70, 0, 5
41.03, 0, 5
41.03, 0, 5
41.03, 0, 5
41.03, 0, 5
41.03, 0, 5
41.03, 0, 5
41.03, 0, 5
38.21, 0, 5
36.31, 0, 19
47.15, 0, 264
51.84, 2, 264
59.50, 0, 264
62.72, 0, 264
68.27, 0, 264
102.63, 0, 264
103.89, 0, 264
118.49, 0, 264
118.49, 0, 264
118.49, 0, 264
118.49, 0, 264
118.49, 0, 264
118.49, 0, 264
118.49, 0, 264
117.78, 0, 264
117.78, 0, 264
117.78, 0, 264
117.78, 0, 264
117.78, 0, 264
117.81, 3, 3682
117.94, 3, 3878
120.24, 50, 3878
121.89, 55, 3878
123.21, 55, 3880
130.77, 43, 5832
132.09, 69, 2892
132.52, 69, 272
144.82, 31, 272
146.36, 0, 272
147.61, 0, 272
147.13, 0, 272
146.47, 0, 272
139.33, 0, 272
137.97, 0, 272
136.88, 0, 584
137.18, 4, 2708
137.51, 60, 2708
137.84, 60, 2708
138.41, 53, 2906
142.91, 39, 4150
145.74, 39, 2832
147.33, 56, 630
147.62, 27, 654
148.54, 27, 634
149.32, 24, 684
150.06, 32, 650
150.74, 32, 274
147.05, 36, 3886
144.57, 44, 3886
143.58, 47, 3886
143.54, 47, 3944
150.00, 52, 5788
149.83, 47, 2886
150.16, 47, 658
150.81, 58, 684
151.61, 36, 654
152.74, 26, 654
153.49, 26, 650
153.84, 37, 3886
146.95, 44, 3886
146.51, 44, 3886
144.56, 54, 3886
143.74, 53, 4658
149.86, 61, 2886
150.16, 61, 3134
149.30, 28, 626
150.24, 40, 634
151.13, 40, 684
152.63, 34, 654
153.40, 36, 652
153.84, 36, 2056
146.25, 18, 3886
145.49, 58, 3886
145.38, 58, 3886
144.07, 55, 3886
143.94, 36, 5962
150.46, 66, 2710
150.69, 66, 684
151.50, 55, 634
152.17, 25, 654
153.87, 35, 634
155.06, 35, 466
155.28, 33, 450
148.00, 21, 530
148.47, 24, 594
148.15, 20, 658
148.37, 20, 754
146.95, 23, 738
147.27, 21, 786
147.42, 20, 850
144.98, 20, 466
140.95, 22, 466
137.20, 26, 530
135.53, 23, 594
132.16, 17, 658
129.75, 17, 658
128.46, 23, 722
126.25, 25, 818
125.82, 10, 706
126.28, 10, 850
126.10, 24, 914
126.58, 21, 978
126.41, 22, 1042
125.44, 22, 1138
125.39, 21, 1170
125.35, 22, 1170
125.39, 20, 1234
126.81, 20, 1298
126.98, 25, 530
125.74, 33, 594
125.72, 20, 594
125.66, 22, 658
125.60, 22, 754
125.68, 20, 800
125.61, 26, 786
125.38, 23, 850
125.27, 23, 914
125.31, 23, 882
126.71, 21, 978
126.83, 21, 1074
125.46, 21, 978
125.49, 21, 1106
126.93, 22, 1170
127.00, 22, 1234
125.63, 22, 1298
125.66, 21, 1298
127.02, 22, 1362
127.29, 32, 594
127.26, 23, 690
125.89, 23, 546
126.06, 10, 722
125.97, 20, 786
125.93, 24, 850
125.96, 13, 946
125.79, 25, 914
125.84, 25, 978
125.85, 18, 274
124.50, 8, 274
124.41, 8, 274
123.15, 1, 3886
122.14, 49, 3886
124.46, 55, 3886
126.52, 55, 3886
127.07, 50, 6002
138.78, 60, 2886
141.68, 60, 3288
147.87, 46, 3482
150.87, 47, 3344
156.23, 54, 3448
157.74, 54, 3376
159.04, 51, 3392
160.49, 39, 3528
155.21, 39, 3504
155.85, 55, 3592
156.54, 51, 3536
155.97, 43, 3738
155.93, 43, 3600
156.06, 54, 3240
154.93, 8, 5016
153.49, 8, 5240
150.66, 1, 5248
150.06, 21, 5244
149.51, 21, 5240
147.17, 14, 5248
145.92, 14, 5240
145.57, 7, 4436
144.88, 31, 2636
144.93, 31, 2636
143.94, 0, 2636
141.73, 0, 2636
139.09, 0, 2636
134.07, 0, 2636
131.72, 0, 2636
130.04, 0, 2636
125.68, 1, 2636
124.08, 9, 276
121.11, 22, 274
119.50, 22, 274
119.53, 0, 271
